{"C:\\Users\\ymcho\\OneDrive\\바탕 화면\\Nodejs22\\src\\controllers\\PostsController.js": {"path":"C:\\Users\\ymcho\\OneDrive\\바탕 화면\\Nodejs22\\src\\controllers\\PostsController.js","statementMap":{"0":{"start":{"line":3,"column":4},"end":{"line":3,"column":37}},"1":{"start":{"line":7,"column":4},"end":{"line":14,"column":5}},"2":{"start":{"line":8,"column":25},"end":{"line":8,"column":33}},"3":{"start":{"line":9,"column":33},"end":{"line":9,"column":41}},"4":{"start":{"line":10,"column":19},"end":{"line":10,"column":81}},"5":{"start":{"line":11,"column":6},"end":{"line":11,"column":43}},"6":{"start":{"line":13,"column":6},"end":{"line":13,"column":18}},"7":{"start":{"line":18,"column":4},"end":{"line":24,"column":5}},"8":{"start":{"line":19,"column":39},"end":{"line":19,"column":48}},"9":{"start":{"line":20,"column":20},"end":{"line":20,"column":78}},"10":{"start":{"line":21,"column":6},"end":{"line":21,"column":44}},"11":{"start":{"line":23,"column":6},"end":{"line":23,"column":18}},"12":{"start":{"line":28,"column":4},"end":{"line":34,"column":5}},"13":{"start":{"line":29,"column":25},"end":{"line":29,"column":35}},"14":{"start":{"line":30,"column":19},"end":{"line":30,"column":62}},"15":{"start":{"line":31,"column":6},"end":{"line":31,"column":43}},"16":{"start":{"line":33,"column":6},"end":{"line":33,"column":18}},"17":{"start":{"line":38,"column":4},"end":{"line":45,"column":5}},"18":{"start":{"line":39,"column":27},"end":{"line":39,"column":37}},"19":{"start":{"line":40,"column":21},"end":{"line":40,"column":29}},"20":{"start":{"line":41,"column":28},"end":{"line":41,"column":76}},"21":{"start":{"line":42,"column":8},"end":{"line":42,"column":78}},"22":{"start":{"line":44,"column":8},"end":{"line":44,"column":20}},"23":{"start":{"line":49,"column":4},"end":{"line":55,"column":5}},"24":{"start":{"line":50,"column":25},"end":{"line":50,"column":35}},"25":{"start":{"line":51,"column":6},"end":{"line":51,"column":49}},"26":{"start":{"line":52,"column":6},"end":{"line":52,"column":57}},"27":{"start":{"line":54,"column":6},"end":{"line":54,"column":18}}},"fnMap":{"0":{"name":"(anonymous_0)","decl":{"start":{"line":2,"column":2},"end":{"line":2,"column":3}},"loc":{"start":{"line":2,"column":28},"end":{"line":4,"column":3}},"line":2},"1":{"name":"(anonymous_1)","decl":{"start":{"line":6,"column":2},"end":{"line":6,"column":3}},"loc":{"start":{"line":6,"column":35},"end":{"line":15,"column":3}},"line":6},"2":{"name":"(anonymous_2)","decl":{"start":{"line":17,"column":2},"end":{"line":17,"column":3}},"loc":{"start":{"line":17,"column":33},"end":{"line":25,"column":3}},"line":17},"3":{"name":"(anonymous_3)","decl":{"start":{"line":27,"column":2},"end":{"line":27,"column":3}},"loc":{"start":{"line":27,"column":36},"end":{"line":35,"column":3}},"line":27},"4":{"name":"(anonymous_4)","decl":{"start":{"line":37,"column":2},"end":{"line":37,"column":3}},"loc":{"start":{"line":37,"column":35},"end":{"line":46,"column":1}},"line":37},"5":{"name":"(anonymous_5)","decl":{"start":{"line":48,"column":2},"end":{"line":48,"column":3}},"loc":{"start":{"line":48,"column":35},"end":{"line":56,"column":3}},"line":48}},"branchMap":{},"s":{"0":1,"1":1,"2":1,"3":1,"4":1,"5":1,"6":0,"7":0,"8":0,"9":0,"10":0,"11":0,"12":0,"13":0,"14":0,"15":0,"16":0,"17":0,"18":0,"19":0,"20":0,"21":0,"22":0,"23":1,"24":1,"25":1,"26":1,"27":0},"f":{"0":1,"1":1,"2":0,"3":0,"4":0,"5":1},"b":{},"inputSourceMap":null,"_coverageSchema":"1a1c01bbd47fc00a2c39e90264f33305004495a9","hash":"4aa5fcf7fdd0839bf5b2260befbe26c4a952f12f"}
,"C:\\Users\\ymcho\\OneDrive\\바탕 화면\\Nodejs22\\src\\controllers\\UsersController.js": {"path":"C:\\Users\\ymcho\\OneDrive\\바탕 화면\\Nodejs22\\src\\controllers\\UsersController.js","statementMap":{"0":{"start":{"line":3,"column":4},"end":{"line":3,"column":37}},"1":{"start":{"line":7,"column":4},"end":{"line":15,"column":5}},"2":{"start":{"line":8,"column":19},"end":{"line":8,"column":59}},"3":{"start":{"line":9,"column":6},"end":{"line":12,"column":9}},"4":{"start":{"line":14,"column":6},"end":{"line":14,"column":18}},"5":{"start":{"line":19,"column":4},"end":{"line":25,"column":5}},"6":{"start":{"line":20,"column":30},"end":{"line":20,"column":70}},"7":{"start":{"line":21,"column":6},"end":{"line":21,"column":53}},"8":{"start":{"line":22,"column":6},"end":{"line":22,"column":56}},"9":{"start":{"line":24,"column":6},"end":{"line":24,"column":18}},"10":{"start":{"line":29,"column":4},"end":{"line":34,"column":5}},"11":{"start":{"line":30,"column":19},"end":{"line":30,"column":74}},"12":{"start":{"line":31,"column":6},"end":{"line":31,"column":43}},"13":{"start":{"line":33,"column":6},"end":{"line":33,"column":18}}},"fnMap":{"0":{"name":"(anonymous_0)","decl":{"start":{"line":2,"column":2},"end":{"line":2,"column":3}},"loc":{"start":{"line":2,"column":28},"end":{"line":4,"column":3}},"line":2},"1":{"name":"(anonymous_1)","decl":{"start":{"line":6,"column":2},"end":{"line":6,"column":3}},"loc":{"start":{"line":6,"column":31},"end":{"line":16,"column":3}},"line":6},"2":{"name":"(anonymous_2)","decl":{"start":{"line":18,"column":2},"end":{"line":18,"column":3}},"loc":{"start":{"line":18,"column":31},"end":{"line":26,"column":3}},"line":18},"3":{"name":"(anonymous_3)","decl":{"start":{"line":28,"column":2},"end":{"line":28,"column":3}},"loc":{"start":{"line":28,"column":32},"end":{"line":35,"column":3}},"line":28}},"branchMap":{},"s":{"0":1,"1":1,"2":1,"3":1,"4":0,"5":0,"6":0,"7":0,"8":0,"9":0,"10":0,"11":0,"12":0,"13":0},"f":{"0":1,"1":1,"2":0,"3":0},"b":{},"inputSourceMap":null,"_coverageSchema":"1a1c01bbd47fc00a2c39e90264f33305004495a9","hash":"0f36651e6eabcc13ac28a84c6c5a2a753e81a80b"}
,"C:\\Users\\ymcho\\OneDrive\\바탕 화면\\Nodejs22\\src\\repositories\\PostsRepository.js": {"path":"C:\\Users\\ymcho\\OneDrive\\바탕 화면\\Nodejs22\\src\\repositories\\PostsRepository.js","statementMap":{"0":{"start":{"line":3,"column":6},"end":{"line":3,"column":27}},"1":{"start":{"line":8,"column":8},"end":{"line":14,"column":11}},"2":{"start":{"line":20,"column":8},"end":{"line":36,"column":11}},"3":{"start":{"line":40,"column":6},"end":{"line":42,"column":9}},"4":{"start":{"line":46,"column":6},"end":{"line":49,"column":9}},"5":{"start":{"line":53,"column":6},"end":{"line":55,"column":9}}},"fnMap":{"0":{"name":"(anonymous_0)","decl":{"start":{"line":2,"column":4},"end":{"line":2,"column":5}},"loc":{"start":{"line":2,"column":24},"end":{"line":4,"column":5}},"line":2},"1":{"name":"(anonymous_1)","decl":{"start":{"line":7,"column":6},"end":{"line":7,"column":7}},"loc":{"start":{"line":7,"column":47},"end":{"line":15,"column":7}},"line":7},"2":{"name":"(anonymous_2)","decl":{"start":{"line":19,"column":6},"end":{"line":19,"column":7}},"loc":{"start":{"line":19,"column":69},"end":{"line":37,"column":5}},"line":19},"3":{"name":"(anonymous_3)","decl":{"start":{"line":39,"column":4},"end":{"line":39,"column":5}},"loc":{"start":{"line":39,"column":27},"end":{"line":43,"column":5}},"line":39},"4":{"name":"(anonymous_4)","decl":{"start":{"line":45,"column":4},"end":{"line":45,"column":5}},"loc":{"start":{"line":45,"column":31},"end":{"line":50,"column":5}},"line":45},"5":{"name":"(anonymous_5)","decl":{"start":{"line":52,"column":4},"end":{"line":52,"column":5}},"loc":{"start":{"line":52,"column":25},"end":{"line":56,"column":5}},"line":52}},"branchMap":{"0":{"loc":{"start":{"line":19,"column":22},"end":{"line":19,"column":44}},"type":"default-arg","locations":[{"start":{"line":19,"column":33},"end":{"line":19,"column":44}}],"line":19},"1":{"loc":{"start":{"line":19,"column":46},"end":{"line":19,"column":65}},"type":"default-arg","locations":[{"start":{"line":19,"column":59},"end":{"line":19,"column":65}}],"line":19}},"s":{"0":1,"1":1,"2":1,"3":1,"4":1,"5":1},"f":{"0":1,"1":1,"2":1,"3":1,"4":1,"5":1},"b":{"0":[0],"1":[0]},"inputSourceMap":null,"_coverageSchema":"1a1c01bbd47fc00a2c39e90264f33305004495a9","hash":"c8e18250f93a3432620f00bc3cfd81ccfd745cc6"}
,"C:\\Users\\ymcho\\OneDrive\\바탕 화면\\Nodejs22\\src\\repositories\\UsersRepository.js": {"path":"C:\\Users\\ymcho\\OneDrive\\바탕 화면\\Nodejs22\\src\\repositories\\UsersRepository.js","statementMap":{"0":{"start":{"line":3,"column":4},"end":{"line":3,"column":25}},"1":{"start":{"line":7,"column":4},"end":{"line":9,"column":7}},"2":{"start":{"line":13,"column":4},"end":{"line":13,"column":46}},"3":{"start":{"line":17,"column":4},"end":{"line":27,"column":7}}},"fnMap":{"0":{"name":"(anonymous_0)","decl":{"start":{"line":2,"column":2},"end":{"line":2,"column":3}},"loc":{"start":{"line":2,"column":22},"end":{"line":4,"column":3}},"line":2},"1":{"name":"(anonymous_1)","decl":{"start":{"line":6,"column":2},"end":{"line":6,"column":3}},"loc":{"start":{"line":6,"column":27},"end":{"line":10,"column":3}},"line":6},"2":{"name":"(anonymous_2)","decl":{"start":{"line":12,"column":2},"end":{"line":12,"column":3}},"loc":{"start":{"line":12,"column":21},"end":{"line":14,"column":3}},"line":12},"3":{"name":"(anonymous_3)","decl":{"start":{"line":16,"column":2},"end":{"line":16,"column":3}},"loc":{"start":{"line":16,"column":25},"end":{"line":28,"column":3}},"line":16}},"branchMap":{},"s":{"0":1,"1":1,"2":1,"3":1},"f":{"0":1,"1":1,"2":1,"3":1},"b":{},"inputSourceMap":null,"_coverageSchema":"1a1c01bbd47fc00a2c39e90264f33305004495a9","hash":"c97fa3cb9242bfd4d3b96e0e8048c1e4301d7a15"}
,"C:\\Users\\ymcho\\OneDrive\\바탕 화면\\Nodejs22\\src\\services\\PostsService.js": {"path":"C:\\Users\\ymcho\\OneDrive\\바탕 화면\\Nodejs22\\src\\services\\PostsService.js","statementMap":{"0":{"start":{"line":4,"column":4},"end":{"line":4,"column":43}},"1":{"start":{"line":9,"column":4},"end":{"line":13,"column":7}},"2":{"start":{"line":17,"column":20},"end":{"line":19,"column":5}},"3":{"start":{"line":20,"column":4},"end":{"line":20,"column":49}},"4":{"start":{"line":25,"column":4},"end":{"line":25,"column":57}},"5":{"start":{"line":29,"column":4},"end":{"line":31,"column":5}},"6":{"start":{"line":30,"column":6},"end":{"line":30,"column":45}},"7":{"start":{"line":33,"column":17},"end":{"line":33,"column":60}},"8":{"start":{"line":34,"column":4},"end":{"line":36,"column":5}},"9":{"start":{"line":35,"column":6},"end":{"line":35,"column":42}},"10":{"start":{"line":38,"column":4},"end":{"line":38,"column":59}},"11":{"start":{"line":43,"column":17},"end":{"line":43,"column":61}},"12":{"start":{"line":44,"column":4},"end":{"line":46,"column":5}},"13":{"start":{"line":45,"column":6},"end":{"line":45,"column":42}},"14":{"start":{"line":49,"column":4},"end":{"line":49,"column":48}}},"fnMap":{"0":{"name":"(anonymous_0)","decl":{"start":{"line":3,"column":2},"end":{"line":3,"column":3}},"loc":{"start":{"line":3,"column":31},"end":{"line":5,"column":3}},"line":3},"1":{"name":"(anonymous_1)","decl":{"start":{"line":7,"column":2},"end":{"line":7,"column":3}},"loc":{"start":{"line":7,"column":47},"end":{"line":14,"column":3}},"line":7},"2":{"name":"(anonymous_2)","decl":{"start":{"line":16,"column":2},"end":{"line":16,"column":3}},"loc":{"start":{"line":16,"column":62},"end":{"line":21,"column":1}},"line":16},"3":{"name":"(anonymous_3)","decl":{"start":{"line":23,"column":2},"end":{"line":23,"column":3}},"loc":{"start":{"line":23,"column":28},"end":{"line":26,"column":3}},"line":23},"4":{"name":"(anonymous_4)","decl":{"start":{"line":28,"column":2},"end":{"line":28,"column":3}},"loc":{"start":{"line":28,"column":43},"end":{"line":39,"column":3}},"line":28},"5":{"name":"(anonymous_5)","decl":{"start":{"line":42,"column":2},"end":{"line":42,"column":3}},"loc":{"start":{"line":42,"column":27},"end":{"line":50,"column":3}},"line":42}},"branchMap":{"0":{"loc":{"start":{"line":16,"column":17},"end":{"line":16,"column":39}},"type":"default-arg","locations":[{"start":{"line":16,"column":28},"end":{"line":16,"column":39}}],"line":16},"1":{"loc":{"start":{"line":16,"column":41},"end":{"line":16,"column":60}},"type":"default-arg","locations":[{"start":{"line":16,"column":54},"end":{"line":16,"column":60}}],"line":16},"2":{"loc":{"start":{"line":18,"column":20},"end":{"line":18,"column":71}},"type":"cond-expr","locations":[{"start":{"line":18,"column":57},"end":{"line":18,"column":62}},{"start":{"line":18,"column":65},"end":{"line":18,"column":71}}],"line":18},"3":{"loc":{"start":{"line":29,"column":4},"end":{"line":31,"column":5}},"type":"if","locations":[{"start":{"line":29,"column":4},"end":{"line":31,"column":5}},{"start":{},"end":{}}],"line":29},"4":{"loc":{"start":{"line":34,"column":4},"end":{"line":36,"column":5}},"type":"if","locations":[{"start":{"line":34,"column":4},"end":{"line":36,"column":5}},{"start":{},"end":{}}],"line":34},"5":{"loc":{"start":{"line":44,"column":4},"end":{"line":46,"column":5}},"type":"if","locations":[{"start":{"line":44,"column":4},"end":{"line":46,"column":5}},{"start":{},"end":{}}],"line":44}},"s":{"0":1,"1":1,"2":1,"3":1,"4":1,"5":1,"6":0,"7":1,"8":1,"9":0,"10":1,"11":1,"12":1,"13":0,"14":1},"f":{"0":1,"1":1,"2":1,"3":1,"4":1,"5":1},"b":{"0":[0],"1":[0],"2":[0,1],"3":[0,1],"4":[0,1],"5":[0,1]},"inputSourceMap":null,"_coverageSchema":"1a1c01bbd47fc00a2c39e90264f33305004495a9","hash":"60e7db3c5570103188022d4f13fb671c3ebcbeec"}
,"C:\\Users\\ymcho\\OneDrive\\바탕 화면\\Nodejs22\\src\\services\\UsersService.js": {"path":"C:\\Users\\ymcho\\OneDrive\\바탕 화면\\Nodejs22\\src\\services\\UsersService.js","statementMap":{"0":{"start":{"line":6,"column":4},"end":{"line":6,"column":43}},"1":{"start":{"line":10,"column":4},"end":{"line":12,"column":5}},"2":{"start":{"line":11,"column":6},"end":{"line":11,"column":48}},"3":{"start":{"line":14,"column":4},"end":{"line":16,"column":5}},"4":{"start":{"line":15,"column":6},"end":{"line":15,"column":42}},"5":{"start":{"line":19,"column":24},"end":{"line":19,"column":69}},"6":{"start":{"line":20,"column":4},"end":{"line":20,"column":56}},"7":{"start":{"line":20,"column":21},"end":{"line":20,"column":56}},"8":{"start":{"line":22,"column":27},"end":{"line":22,"column":58}},"9":{"start":{"line":23,"column":17},"end":{"line":29,"column":6}},"10":{"start":{"line":31,"column":4},"end":{"line":36,"column":6}},"11":{"start":{"line":41,"column":17},"end":{"line":41,"column":62}},"12":{"start":{"line":42,"column":4},"end":{"line":44,"column":5}},"13":{"start":{"line":43,"column":6},"end":{"line":43,"column":41}},"14":{"start":{"line":46,"column":28},"end":{"line":46,"column":73}},"15":{"start":{"line":47,"column":4},"end":{"line":49,"column":5}},"16":{"start":{"line":48,"column":6},"end":{"line":48,"column":42}},"17":{"start":{"line":51,"column":18},"end":{"line":51,"column":94}},"18":{"start":{"line":52,"column":4},"end":{"line":52,"column":27}},"19":{"start":{"line":57,"column":17},"end":{"line":57,"column":60}},"20":{"start":{"line":58,"column":4},"end":{"line":60,"column":5}},"21":{"start":{"line":59,"column":6},"end":{"line":59,"column":41}},"22":{"start":{"line":61,"column":4},"end":{"line":61,"column":16}}},"fnMap":{"0":{"name":"(anonymous_0)","decl":{"start":{"line":5,"column":2},"end":{"line":5,"column":3}},"loc":{"start":{"line":5,"column":31},"end":{"line":7,"column":3}},"line":5},"1":{"name":"(anonymous_1)","decl":{"start":{"line":9,"column":2},"end":{"line":9,"column":3}},"loc":{"start":{"line":9,"column":57},"end":{"line":37,"column":3}},"line":9},"2":{"name":"(anonymous_2)","decl":{"start":{"line":39,"column":2},"end":{"line":39,"column":3}},"loc":{"start":{"line":39,"column":36},"end":{"line":53,"column":3}},"line":39},"3":{"name":"(anonymous_3)","decl":{"start":{"line":55,"column":2},"end":{"line":55,"column":3}},"loc":{"start":{"line":55,"column":31},"end":{"line":62,"column":3}},"line":55}},"branchMap":{"0":{"loc":{"start":{"line":10,"column":4},"end":{"line":12,"column":5}},"type":"if","locations":[{"start":{"line":10,"column":4},"end":{"line":12,"column":5}},{"start":{},"end":{}}],"line":10},"1":{"loc":{"start":{"line":14,"column":4},"end":{"line":16,"column":5}},"type":"if","locations":[{"start":{"line":14,"column":4},"end":{"line":16,"column":5}},{"start":{},"end":{}}],"line":14},"2":{"loc":{"start":{"line":20,"column":4},"end":{"line":20,"column":56}},"type":"if","locations":[{"start":{"line":20,"column":4},"end":{"line":20,"column":56}},{"start":{},"end":{}}],"line":20},"3":{"loc":{"start":{"line":42,"column":4},"end":{"line":44,"column":5}},"type":"if","locations":[{"start":{"line":42,"column":4},"end":{"line":44,"column":5}},{"start":{},"end":{}}],"line":42},"4":{"loc":{"start":{"line":47,"column":4},"end":{"line":49,"column":5}},"type":"if","locations":[{"start":{"line":47,"column":4},"end":{"line":49,"column":5}},{"start":{},"end":{}}],"line":47},"5":{"loc":{"start":{"line":58,"column":4},"end":{"line":60,"column":5}},"type":"if","locations":[{"start":{"line":58,"column":4},"end":{"line":60,"column":5}},{"start":{},"end":{}}],"line":58}},"s":{"0":1,"1":1,"2":1,"3":0,"4":0,"5":0,"6":0,"7":0,"8":0,"9":0,"10":0,"11":1,"12":1,"13":0,"14":1,"15":1,"16":0,"17":1,"18":1,"19":1,"20":1,"21":0,"22":1},"f":{"0":1,"1":1,"2":1,"3":1},"b":{"0":[1,0],"1":[0,0],"2":[0,0],"3":[0,1],"4":[0,1],"5":[0,1]},"inputSourceMap":null,"_coverageSchema":"1a1c01bbd47fc00a2c39e90264f33305004495a9","hash":"bde3b5110c51b1f6e57c9bee47dd291cdb9c0097"}
}
