TN:
SF:src\controllers\PostsController.js
FN:2,(anonymous_0)
FN:6,(anonymous_1)
FN:17,(anonymous_2)
FN:27,(anonymous_3)
FN:37,(anonymous_4)
FN:48,(anonymous_5)
FNF:6
FNH:3
FNDA:1,(anonymous_0)
FNDA:1,(anonymous_1)
FNDA:0,(anonymous_2)
FNDA:0,(anonymous_3)
FNDA:0,(anonymous_4)
FNDA:1,(anonymous_5)
DA:3,1
DA:7,1
DA:8,1
DA:9,1
DA:10,1
DA:11,1
DA:13,0
DA:18,0
DA:19,0
DA:20,0
DA:21,0
DA:23,0
DA:28,0
DA:29,0
DA:30,0
DA:31,0
DA:33,0
DA:38,0
DA:39,0
DA:40,0
DA:41,0
DA:42,0
DA:44,0
DA:49,1
DA:50,1
DA:51,1
DA:52,1
DA:54,0
LF:28
LH:10
BRF:0
BRH:0
end_of_record
TN:
SF:src\controllers\UsersController.js
FN:2,(anonymous_0)
FN:6,(anonymous_1)
FN:18,(anonymous_2)
FN:28,(anonymous_3)
FNF:4
FNH:2
FNDA:1,(anonymous_0)
FNDA:1,(anonymous_1)
FNDA:0,(anonymous_2)
FNDA:0,(anonymous_3)
DA:3,1
DA:7,1
DA:8,1
DA:9,1
DA:14,0
DA:19,0
DA:20,0
DA:21,0
DA:22,0
DA:24,0
DA:29,0
DA:30,0
DA:31,0
DA:33,0
LF:14
LH:4
BRF:0
BRH:0
end_of_record
TN:
SF:src\repositories\PostsRepository.js
FN:2,(anonymous_0)
FN:7,(anonymous_1)
FN:19,(anonymous_2)
FN:39,(anonymous_3)
FN:45,(anonymous_4)
FN:52,(anonymous_5)
FNF:6
FNH:6
FNDA:1,(anonymous_0)
FNDA:1,(anonymous_1)
FNDA:1,(anonymous_2)
FNDA:1,(anonymous_3)
FNDA:1,(anonymous_4)
FNDA:1,(anonymous_5)
DA:3,1
DA:8,1
DA:20,1
DA:40,1
DA:46,1
DA:53,1
LF:6
LH:6
BRDA:19,0,0,0
BRDA:19,1,0,0
BRF:2
BRH:0
end_of_record
TN:
SF:src\repositories\UsersRepository.js
FN:2,(anonymous_0)
FN:6,(anonymous_1)
FN:12,(anonymous_2)
FN:16,(anonymous_3)
FNF:4
FNH:4
FNDA:1,(anonymous_0)
FNDA:1,(anonymous_1)
FNDA:1,(anonymous_2)
FNDA:1,(anonymous_3)
DA:3,1
DA:7,1
DA:13,1
DA:17,1
LF:4
LH:4
BRF:0
BRH:0
end_of_record
TN:
SF:src\services\PostsService.js
FN:3,(anonymous_0)
FN:7,(anonymous_1)
FN:16,(anonymous_2)
FN:23,(anonymous_3)
FN:28,(anonymous_4)
FN:42,(anonymous_5)
FNF:6
FNH:6
FNDA:1,(anonymous_0)
FNDA:1,(anonymous_1)
FNDA:1,(anonymous_2)
FNDA:1,(anonymous_3)
FNDA:1,(anonymous_4)
FNDA:1,(anonymous_5)
DA:4,1
DA:9,1
DA:17,1
DA:20,1
DA:25,1
DA:29,1
DA:30,0
DA:33,1
DA:34,1
DA:35,0
DA:38,1
DA:43,1
DA:44,1
DA:45,0
DA:49,1
LF:15
LH:12
BRDA:16,0,0,0
BRDA:16,1,0,0
BRDA:18,2,0,0
BRDA:18,2,1,1
BRDA:29,3,0,0
BRDA:29,3,1,1
BRDA:34,4,0,0
BRDA:34,4,1,1
BRDA:44,5,0,0
BRDA:44,5,1,1
BRF:10
BRH:4
end_of_record
TN:
SF:src\services\UsersService.js
FN:5,(anonymous_0)
FN:9,(anonymous_1)
FN:39,(anonymous_2)
FN:55,(anonymous_3)
FNF:4
FNH:4
FNDA:1,(anonymous_0)
FNDA:1,(anonymous_1)
FNDA:1,(anonymous_2)
FNDA:1,(anonymous_3)
DA:6,1
DA:10,1
DA:11,1
DA:14,0
DA:15,0
DA:19,0
DA:20,0
DA:22,0
DA:23,0
DA:31,0
DA:41,1
DA:42,1
DA:43,0
DA:46,1
DA:47,1
DA:48,0
DA:51,1
DA:52,1
DA:57,1
DA:58,1
DA:59,0
DA:61,1
LF:22
LH:12
BRDA:10,0,0,1
BRDA:10,0,1,0
BRDA:14,1,0,0
BRDA:14,1,1,0
BRDA:20,2,0,0
BRDA:20,2,1,0
BRDA:42,3,0,0
BRDA:42,3,1,1
BRDA:47,4,0,0
BRDA:47,4,1,1
BRDA:58,5,0,0
BRDA:58,5,1,1
BRF:12
BRH:4
end_of_record
